INFO - 2023-04-15 13:03:16,442 - Avvio del server in ascolto sulla porta 50053...
INFO - 2023-04-15 13:03:16,444 - Server avviato con successo.
INFO - 2023-04-15 13:03:16,444 - Invio ACK al centralnode...
INFO - 2023-04-15 13:03:36,478 - Il messaggio di ACK è stato inviato con successo.
INFO - 2023-04-15 13:08:34,099 - Avvio del server in ascolto sulla porta 50053...
INFO - 2023-04-15 13:08:34,101 - Server avviato con successo.
INFO - 2023-04-15 13:08:34,101 - Invio ACK al centralnode...
INFO - 2023-04-15 13:08:34,107 - Il messaggio di ACK è stato inviato con successo.
INFO - 2023-04-15 13:11:37,367 - Avvio del server in ascolto sulla porta 50053...
INFO - 2023-04-15 13:11:37,370 - Server avviato con successo.
INFO - 2023-04-15 13:11:37,370 - Invio ACK al centralnode...
INFO - 2023-04-15 13:11:37,377 - Il messaggio di ACK è stato inviato con successo.
INFO - 2023-04-15 13:14:54,222 - Avvio del server in ascolto sulla porta 50053...
INFO - 2023-04-15 13:14:54,224 - Server avviato con successo.
INFO - 2023-04-15 13:14:54,224 - Invio ACK al centralnode...
INFO - 2023-04-15 13:14:54,232 - Il messaggio di ACK è stato inviato con successo.
INFO - 2023-04-15 13:15:54,802 - E' stata richiesta dal centralnode la scansione di un binario.
INFO - 2023-04-15 13:15:54,861 - Esecuzione del binario completata con successo
INFO - 2023-04-15 13:15:54,930 - Scansione del binario completata con successo
INFO - 2023-04-15 13:15:54,931 - I risultati dell'analisi sono stati inviati con successo.
INFO - 2023-04-15 13:26:33,130 - E' stata richiesta dal centralnode la scansione di un binario.
INFO - 2023-04-15 13:26:33,135 - Esecuzione del binario completata con successo
INFO - 2023-04-15 13:26:33,169 - Scansione del binario completata con successo
INFO - 2023-04-15 13:26:33,169 - I risultati dell'analisi sono stati inviati con successo.
